<?xml version="1.0" encoding="UTF-8"?>
<!-- Generated by org.testng.reporters.JUnitReportReporter -->
<testsuite hostname="360LP030" name="com.tests.helloWorld" tests="1" failures="0" timestamp="18 Jul 2016 18:07:37 GMT" time="11.741" errors="0">
  <testcase name="windowsTest" time="11.741" classname="com.tests.helloWorld"/>
</testsuite> <!-- com.tests.helloWorld -->
