<?xml version="1.0" encoding="UTF-8"?>
<!-- Generated by org.testng.reporters.JUnitReportReporter -->
<testsuite hostname="360LP030" name="com.tests.testCase" tests="1" failures="0" timestamp="7 Jul 2016 17:52:03 GMT" time="26.369" errors="0">
  <testcase name="windowsTest" time="26.369" classname="com.tests.testCase"/>
</testsuite> <!-- com.tests.testCase -->
